#
# A fatal error has been detected by the Java Runtime Environment:
#
#  EXCEPTION_ACCESS_VIOLATION (0xc0000005) at pc=0x0000000000000000, pid=356, tid=0x000000000000253c
#
# JRE version: Java(TM) SE Runtime Environment (8.0_102-b14) (build 1.8.0_102-b14)
# Java VM: Java HotSpot(TM) 64-Bit Server VM (25.102-b14 mixed mode windows-amd64 compressed oops)
# Problematic frame:
# C  0x0000000000000000
#
# Failed to write core dump. Minidumps are not enabled by default on client versions of Windows
#
# If you would like to submit a bug report, please visit:
#   http://bugreport.java.com/bugreport/crash.jsp
#

---------------  T H R E A D  ---------------

Current thread (0x000000000228b000):  GCTaskThread [stack: 0x0000000011ee0000,0x0000000011fe0000] [id=9532]

siginfo: ExceptionCode=0xc0000005, ExceptionInformation=0x0000000000000008 0x0000000000000000

Registers:
RAX=0x0000000016540028, RBX=0x00000000d6d3bf80, RCX=0x0000000100000228, RDX=0x000000000235d4c0
RSP=0x0000000011fdf4e8, RBP=0x00000000000001e5, RSI=0x000000000235d4c0, RDI=0x00000000d82fe498
R8 =0x00000000d82fe498, R9 =0x0000000100000228, R10=0x0000001e20000045, R11=0x00000000d82fe498
R12=0x0000000052763790, R13=0x0000000000000001, R14=0x0000000000000000, R15=0x000000000228b380
RIP=0x0000000000000000, EFLAGS=0x0000000000010207

Top of Stack: (sp=0x0000000011fdf4e8)
0x0000000011fdf4e8:   000000005250fc11 0000000000000009
0x0000000011fdf4f8:   00000000000001e5 000000000235d4c0
0x0000000011fdf508:   0000000052222a93 00000000d82fe498
0x0000000011fdf518:   0000000000001000 00000000d81887a8
0x0000000011fdf528:   0000000052224887 0000000000000000
0x0000000011fdf538:   000000000227ff00 0000000052763790
0x0000000011fdf548:   000000005250fd00 00000000d82f5cbc
0x0000000011fdf558:   0000000011fdf6b0 000000000235d4c0
0x0000000011fdf568:   000000000235d4c0 00000000d82f5cbc
0x0000000011fdf578:   00000000525108a5 00000000d6d927e8
0x0000000011fdf588:   0000000011fdf6b0 000000000235d4c0
0x0000000011fdf598:   0000000000000000 00000000814755fc
0x0000000011fdf5a8:   0000000052224970 000000000228b370
0x0000000011fdf5b8:   000000000227ff00 0000000052763790
0x0000000011fdf5c8:   0000000052512696 000000005291a778
0x0000000011fdf5d8:   0000000011fdf6b0 0000000000000000 

Instructions: (pc=0x0000000000000000)
0xffffffffffffffe0:   


Register to memory mapping:

RAX=0x0000000016540028 is pointing into metadata
RBX=0x00000000d6d3bf80 is an oop

[error occurred during error reporting (printing register info), id 0xc0000005]

Stack: [0x0000000011ee0000,0x0000000011fe0000],  sp=0x0000000011fdf4e8,  free space=1021k
Native frames: (J=compiled Java code, j=interpreted, Vv=VM code, C=native code)


---------------  P R O C E S S  ---------------

Java Threads: ( => current thread )
  0x0000000018846000 JavaThread "Service Thread" daemon [_thread_blocked, id=1328, stack(0x0000000018c20000,0x0000000018d20000)]
  0x0000000016f0d800 JavaThread "C1 CompilerThread2" daemon [_thread_blocked, id=8972, stack(0x0000000018720000,0x0000000018820000)]
  0x0000000016ee9000 JavaThread "C2 CompilerThread1" daemon [_thread_blocked, id=5964, stack(0x0000000018620000,0x0000000018720000)]
  0x0000000016ee1800 JavaThread "C2 CompilerThread0" daemon [_thread_blocked, id=2368, stack(0x0000000018520000,0x0000000018620000)]
  0x0000000016edf800 JavaThread "Attach Listener" daemon [_thread_blocked, id=8392, stack(0x0000000018420000,0x0000000018520000)]
  0x0000000016ede000 JavaThread "Signal Dispatcher" daemon [_thread_blocked, id=7352, stack(0x0000000018320000,0x0000000018420000)]
  0x0000000016eca800 JavaThread "Finalizer" daemon [_thread_blocked, id=2224, stack(0x0000000018130000,0x0000000018230000)]
  0x0000000016ea9000 JavaThread "Reference Handler" daemon [_thread_blocked, id=2476, stack(0x0000000018030000,0x0000000018130000)]
  0x0000000002273800 JavaThread "main" [_thread_blocked, id=8180, stack(0x0000000002170000,0x0000000002270000)]

Other Threads:
  0x0000000016ea7800 VMThread [stack: 0x0000000017f30000,0x0000000018030000] [id=9276]
  0x000000001884d000 WatcherThread [stack: 0x0000000018d20000,0x0000000018e20000] [id=7496]

=>0x000000000228b000 (exited) GCTaskThread [stack: 0x0000000011ee0000,0x0000000011fe0000] [id=9532]

VM state:at safepoint (normal execution)

VM Mutex/Monitor currently owned by a thread:  ([mutex/lock_event])
[0x0000000002270650] Threads_lock - owner thread: 0x0000000016ea7800
[0x0000000002270a50] Heap_lock - owner thread: 0x0000000002273800

Heap:
 PSYoungGen      total 38400K, used 38385K [0x00000000d5c00000, 0x00000000d8680000, 0x0000000100000000)
  eden space 33280K, 100% used [0x00000000d5c00000,0x00000000d7c80000,0x00000000d7c80000)
  from space 5120K, 99% used [0x00000000d7c80000,0x00000000d817c640,0x00000000d8180000)
  to   space 5120K, 99% used [0x00000000d8180000,0x00000000d8679db8,0x00000000d8680000)
 ParOldGen       total 87552K, used 6366K [0x0000000081400000, 0x0000000086980000, 0x00000000d5c00000)
  object space 87552K, 7% used [0x0000000081400000,0x0000000081a37a40,0x0000000086980000)
 Metaspace       used 12488K, capacity 12696K, committed 12928K, reserved 1060864K
  class space    used 1465K, capacity 1542K, committed 1664K, reserved 1048576K

Card table byte_map: [0x0000000011730000,0x0000000011b30000] byte_map_base: 0x0000000011326000

Marking Bits: (ParMarkBitMap*) 0x000000005292a6c0
 Begin Bits: [0x00000000121e0000, 0x0000000014190000)
 End Bits:   [0x0000000014190000, 0x0000000016140000)

Polling page: 0x0000000000540000

CodeCache: size=245760Kb used=5371Kb max_used=5374Kb free=240388Kb
 bounds [0x0000000002370000, 0x00000000028c0000, 0x0000000011370000]
 total_blobs=1725 nmethods=1396 adapters=242
 compilation: enabled

Compilation events (10 events):
Event: 3.505 Thread 0x0000000016ee1800 nmethod 1377 0x00000000028b2890 code [0x00000000028b2a20, 0x00000000028b3258]
Event: 3.505 Thread 0x0000000016ee1800 1396   !   4       com.sun.tools.javac.jvm.ClassReader::classSigToType (498 bytes)
Event: 3.505 Thread 0x0000000016f0d800 nmethod 1403 0x000000000289f9d0 code [0x000000000289fb20, 0x000000000289fc30]
Event: 3.505 Thread 0x0000000016f0d800 1398       3       com.sun.tools.javac.comp.Check::checkDeprecated (55 bytes)
Event: 3.506 Thread 0x0000000016f0d800 nmethod 1398 0x00000000028b04d0 code [0x00000000028b06c0, 0x00000000028b1078]
Event: 3.506 Thread 0x0000000016f0d800 1399       3       com.sun.tools.javac.comp.Check::checkSunAPI (31 bytes)
Event: 3.506 Thread 0x0000000016f0d800 nmethod 1399 0x00000000028afe50 code [0x00000000028affe0, 0x00000000028b0328]
Event: 3.506 Thread 0x0000000016f0d800 1400       3       com.sun.tools.javac.comp.Check::checkProfile (50 bytes)
Event: 3.507 Thread 0x0000000016f0d800 nmethod 1400 0x00000000028af010 code [0x00000000028af1e0, 0x00000000028afac8]
Event: 3.507 Thread 0x0000000016f0d800 1401       3       com.sun.tools.javac.comp.Attr::checkIdInternal (680 bytes)

GC Heap History (3 events):
Event: 2.448 GC heap before
{Heap before GC invocations=1 (full 0):
 PSYoungGen      total 38400K, used 33280K [0x00000000d5c00000, 0x00000000d8680000, 0x0000000100000000)
  eden space 33280K, 100% used [0x00000000d5c00000,0x00000000d7c80000,0x00000000d7c80000)
  from space 5120K, 0% used [0x00000000d8180000,0x00000000d8180000,0x00000000d8680000)
  to   space 5120K, 0% used [0x00000000d7c80000,0x00000000d7c80000,0x00000000d8180000)
 ParOldGen       total 87552K, used 0K [0x0000000081400000, 0x0000000086980000, 0x00000000d5c00000)
  object space 87552K, 0% used [0x0000000081400000,0x0000000081400000,0x0000000086980000)
 Metaspace       used 10273K, capacity 10456K, committed 10624K, reserved 1058816K
  class space    used 1254K, capacity 1350K, committed 1408K, reserved 1048576K
Event: 2.459 GC heap after
Heap after GC invocations=1 (full 0):
 PSYoungGen      total 38400K, used 5105K [0x00000000d5c00000, 0x00000000d8680000, 0x0000000100000000)
  eden space 33280K, 0% used [0x00000000d5c00000,0x00000000d5c00000,0x00000000d7c80000)
  from space 5120K, 99% used [0x00000000d7c80000,0x00000000d817c640,0x00000000d8180000)
  to   space 5120K, 0% used [0x00000000d8180000,0x00000000d8180000,0x00000000d8680000)
 ParOldGen       total 87552K, used 476K [0x0000000081400000, 0x0000000086980000, 0x00000000d5c00000)
  object space 87552K, 0% used [0x0000000081400000,0x00000000814771e0,0x0000000086980000)
 Metaspace       used 10273K, capacity 10456K, committed 10624K, reserved 1058816K
  class space    used 1254K, capacity 1350K, committed 1408K, reserved 1048576K
}
Event: 3.511 GC heap before
{Heap before GC invocations=2 (full 0):
 PSYoungGen      total 38400K, used 38385K [0x00000000d5c00000, 0x00000000d8680000, 0x0000000100000000)
  eden space 33280K, 100% used [0x00000000d5c00000,0x00000000d7c80000,0x00000000d7c80000)
  from space 5120K, 99% used [0x00000000d7c80000,0x00000000d817c640,0x00000000d8180000)
  to   space 5120K, 0% used [0x00000000d8180000,0x00000000d8180000,0x00000000d8680000)
 ParOldGen       total 87552K, used 476K [0x0000000081400000, 0x0000000086980000, 0x00000000d5c00000)
  object space 87552K, 0% used [0x0000000081400000,0x00000000814771e0,0x0000000086980000)
 Metaspace       used 12488K, capacity 12696K, committed 12928K, reserved 1060864K
  class space    used 1465K, capacity 1542K, committed 1664K, reserved 1048576K

Deoptimization events (10 events):
Event: 2.995 Thread 0x0000000002273800 Uncommon trap: reason=class_check action=maybe_recompile pc=0x000000000264b2f8 method=java.util.Collections$UnmodifiableCollection$1.<init>(Ljava/util/Collections$UnmodifiableCollection;)V @ 17
Event: 3.285 Thread 0x0000000002273800 Uncommon trap: reason=class_check action=maybe_recompile pc=0x000000000264b2f8 method=java.util.Collections$UnmodifiableCollection$1.<init>(Ljava/util/Collections$UnmodifiableCollection;)V @ 17
Event: 3.285 Thread 0x0000000002273800 Uncommon trap: reason=unstable_if action=reinterpret pc=0x00000000026f3bf0 method=java.io.WinNTFileSystem.normalize(Ljava/lang/String;)Ljava/lang/String; @ 128
Event: 3.392 Thread 0x0000000002273800 Uncommon trap: reason=unstable_if action=reinterpret pc=0x000000000283ca88 method=com.sun.tools.javac.util.Name$Table.equals([BI[BII)Z @ 22
Event: 3.393 Thread 0x0000000002273800 Uncommon trap: reason=unstable_if action=reinterpret pc=0x0000000002776bb0 method=com.sun.tools.javac.util.Name$Table.equals([BI[BII)Z @ 22
Event: 3.431 Thread 0x0000000002273800 Uncommon trap: reason=class_check action=maybe_recompile pc=0x000000000286bd20 method=com.sun.tools.javac.util.List.prependList(Lcom/sun/tools/javac/util/List;)Lcom/sun/tools/javac/util/List; @ 1
Event: 3.465 Thread 0x0000000002273800 Uncommon trap: reason=class_check action=maybe_recompile pc=0x000000000286bd20 method=com.sun.tools.javac.util.List.prependList(Lcom/sun/tools/javac/util/List;)Lcom/sun/tools/javac/util/List; @ 1
Event: 3.500 Thread 0x0000000002273800 Uncommon trap: reason=class_check action=maybe_recompile pc=0x000000000286bd20 method=com.sun.tools.javac.util.List.prependList(Lcom/sun/tools/javac/util/List;)Lcom/sun/tools/javac/util/List; @ 1
Event: 3.502 Thread 0x0000000002273800 Uncommon trap: reason=unstable_if action=reinterpret pc=0x000000000289f244 method=com.sun.tools.javac.util.ArrayUtils.ensureCapacity([BI)[B @ 3
Event: 3.506 Thread 0x0000000002273800 Uncommon trap: reason=class_check action=maybe_recompile pc=0x000000000286bd20 method=com.sun.tools.javac.util.List.prependList(Lcom/sun/tools/javac/util/List;)Lcom/sun/tools/javac/util/List; @ 1

Internal exceptions (10 events):
Event: 0.772 Thread 0x0000000002273800 Exception <a 'java/lang/ClassNotFoundException': org/apache/tools/ant/AntClassLoader> (0x00000000d6e3e9f0) thrown at [C:\re\workspace\8-2-build-windows-amd64-cygwin\jdk8u102\7268\hotspot\src\share\vm\classfile\systemDictionary.cpp, line 210]
Event: 0.773 Thread 0x0000000002273800 Exception <a 'java/lang/ClassNotFoundException': sun/net/www/protocol/c/Handler> (0x00000000d6e4a5b0) thrown at [C:\re\workspace\8-2-build-windows-amd64-cygwin\jdk8u102\7268\hotspot\src\share\vm\classfile\systemDictionary.cpp, line 210]
Event: 0.773 Thread 0x0000000002273800 Exception <a 'java/lang/ClassNotFoundException': sun/net/www/protocol/c/Handler> (0x00000000d6e4dcc8) thrown at [C:\re\workspace\8-2-build-windows-amd64-cygwin\jdk8u102\7268\hotspot\src\share\vm\classfile\systemDictionary.cpp, line 210]
Event: 0.773 Thread 0x0000000002273800 Exception <a 'java/lang/ClassNotFoundException': org/apache/tools/ant/AntClassLoader> (0x00000000d6e53678) thrown at [C:\re\workspace\8-2-build-windows-amd64-cygwin\jdk8u102\7268\hotspot\src\share\vm\classfile\systemDictionary.cpp, line 210]
Event: 0.774 Thread 0x0000000002273800 Exception <a 'java/lang/ClassNotFoundException': org/apache/tools/ant/AntClassLoader> (0x00000000d6e56e58) thrown at [C:\re\workspace\8-2-build-windows-amd64-cygwin\jdk8u102\7268\hotspot\src\share\vm\classfile\systemDictionary.cpp, line 210]
Event: 0.774 Thread 0x0000000002273800 Exception <a 'java/lang/ClassNotFoundException': org/apache/tools/ant/AntClassLoader> (0x00000000d6e575e8) thrown at [C:\re\workspace\8-2-build-windows-amd64-cygwin\jdk8u102\7268\hotspot\src\share\vm\classfile\systemDictionary.cpp, line 210]
Event: 0.774 Thread 0x0000000002273800 Exception <a 'java/lang/ClassNotFoundException': org/apache/tools/ant/AntClassLoader> (0x00000000d6e58dd0) thrown at [C:\re\workspace\8-2-build-windows-amd64-cygwin\jdk8u102\7268\hotspot\src\share\vm\classfile\systemDictionary.cpp, line 210]
Event: 0.806 Thread 0x0000000002273800 Exception <a 'java/io/FileNotFoundException'> (0x00000000d6eab318) thrown at [C:\re\workspace\8-2-build-windows-amd64-cygwin\jdk8u102\7268\hotspot\src\share\vm\prims\jni.cpp, line 709]
Event: 3.234 Thread 0x0000000002273800 Exception <a 'java/io/FileNotFoundException'> (0x00000000d6af4e50) thrown at [C:\re\workspace\8-2-build-windows-amd64-cygwin\jdk8u102\7268\hotspot\src\share\vm\prims\jni.cpp, line 709]
Event: 3.238 Thread 0x0000000002273800 Exception <a 'java/io/FileNotFoundException'> (0x00000000d6b2bb48) thrown at [C:\re\workspace\8-2-build-windows-amd64-cygwin\jdk8u102\7268\hotspot\src\share\vm\prims\jni.cpp, line 709]

Events (10 events):
Event: 3.500 Thread 0x0000000002273800 DEOPT UNPACKING pc=0x00000000023b582a sp=0x000000000226d0d0 mode 2
Event: 3.502 Thread 0x0000000002273800 Uncommon trap: trap_request=0xffffff65 fr.pc=0x000000000289f244
Event: 3.502 Thread 0x0000000002273800 DEOPT PACKING pc=0x000000000289f244 sp=0x000000000226c0b0
Event: 3.502 Thread 0x0000000002273800 DEOPT UNPACKING pc=0x00000000023b582a sp=0x000000000226bfe8 mode 2
Event: 3.506 Thread 0x0000000002273800 Uncommon trap: trap_request=0xffffffde fr.pc=0x000000000286bd20
Event: 3.506 Thread 0x0000000002273800 DEOPT PACKING pc=0x000000000286bd20 sp=0x000000000226d130
Event: 3.506 Thread 0x0000000002273800 DEOPT UNPACKING pc=0x00000000023b582a sp=0x000000000226d0d0 mode 2
Event: 3.507 loading class com/sun/tools/javac/util/Pair
Event: 3.507 loading class com/sun/tools/javac/util/Pair done
Event: 3.511 Executing VM operation: ParallelGCFailedAllocation


Dynamic libraries:
0x00007ff644980000 - 0x00007ff6449b7000 	C:\Program Files\Java\jre1.8.0_102\bin\javaw.exe
0x00007ffab41a0000 - 0x00007ffab4371000 	C:\WINDOWS\SYSTEM32\ntdll.dll
0x00007ffab3880000 - 0x00007ffab392b000 	C:\WINDOWS\System32\KERNEL32.DLL
0x00007ffab12a0000 - 0x00007ffab14bd000 	C:\WINDOWS\System32\KERNELBASE.dll
0x00007ffab19e0000 - 0x00007ffab1a82000 	C:\WINDOWS\System32\ADVAPI32.dll
0x00007ffab3fa0000 - 0x00007ffab403e000 	C:\WINDOWS\System32\msvcrt.dll
0x00007ffab40e0000 - 0x00007ffab4139000 	C:\WINDOWS\System32\sechost.dll
0x00007ffab3d60000 - 0x00007ffab3e81000 	C:\WINDOWS\System32\RPCRT4.dll
0x00007ffab1a90000 - 0x00007ffab1bf5000 	C:\WINDOWS\System32\USER32.dll
0x00007ffab0a10000 - 0x00007ffab0a2e000 	C:\WINDOWS\System32\win32u.dll
0x00007ffab3f60000 - 0x00007ffab3f94000 	C:\WINDOWS\System32\GDI32.dll
0x00007ffab0a30000 - 0x00007ffab0bb2000 	C:\WINDOWS\System32\gdi32full.dll
0x00007ffaa7ac0000 - 0x00007ffaa7d39000 	C:\WINDOWS\WinSxS\amd64_microsoft.windows.common-controls_6595b64144ccf1df_6.0.14393.447_none_42191651c6827bb3\COMCTL32.dll
0x00007ffab3540000 - 0x00007ffab3808000 	C:\WINDOWS\System32\combase.dll
0x00007ffab0690000 - 0x00007ffab0785000 	C:\WINDOWS\System32\ucrtbase.dll
0x00007ffab08a0000 - 0x00007ffab090a000 	C:\WINDOWS\System32\bcryptPrimitives.dll
0x00007ffab1d40000 - 0x00007ffab1d6e000 	C:\WINDOWS\System32\IMM32.DLL
0x0000000051fd0000 - 0x00000000520a1000 	C:\Program Files\Java\jre1.8.0_102\bin\msvcr100.dll
0x0000000052110000 - 0x00000000529aa000 	C:\Program Files\Java\jre1.8.0_102\bin\server\jvm.dll
0x00007ffab19d0000 - 0x00007ffab19d8000 	C:\WINDOWS\System32\PSAPI.DLL
0x00007ffaa2130000 - 0x00007ffaa2139000 	C:\WINDOWS\SYSTEM32\WSOCK32.dll
0x00007ffaaeb10000 - 0x00007ffaaeb33000 	C:\WINDOWS\SYSTEM32\WINMM.dll
0x00007ffab3ef0000 - 0x00007ffab3f5a000 	C:\WINDOWS\System32\WS2_32.dll
0x00007ffaa27f0000 - 0x00007ffaa27fa000 	C:\WINDOWS\SYSTEM32\VERSION.dll
0x00007ffaaea30000 - 0x00007ffaaea5b000 	C:\WINDOWS\SYSTEM32\WINMMBASE.dll
0x00007ffab0910000 - 0x00007ffab0952000 	C:\WINDOWS\System32\cfgmgr32.dll
0x0000000052100000 - 0x000000005210f000 	C:\Program Files\Java\jre1.8.0_102\bin\verify.dll
0x00000000520d0000 - 0x00000000520f9000 	C:\Program Files\Java\jre1.8.0_102\bin\java.dll
0x00000000520b0000 - 0x00000000520c6000 	C:\Program Files\Java\jre1.8.0_102\bin\zip.dll
0x00007ffab1d70000 - 0x00007ffab3279000 	C:\WINDOWS\System32\SHELL32.dll
0x00007ffab0bc0000 - 0x00007ffab129a000 	C:\WINDOWS\System32\windows.storage.dll
0x00007ffab0620000 - 0x00007ffab066c000 	C:\WINDOWS\System32\powrprof.dll
0x00007ffab1ce0000 - 0x00007ffab1d32000 	C:\WINDOWS\System32\shlwapi.dll
0x00007ffab0670000 - 0x00007ffab067f000 	C:\WINDOWS\System32\kernel.appcore.dll
0x00007ffab07f0000 - 0x00007ffab0899000 	C:\WINDOWS\System32\shcore.dll
0x00007ffab0600000 - 0x00007ffab0614000 	C:\WINDOWS\System32\profapi.dll
0x0000000051d70000 - 0x0000000051d8a000 	C:\Program Files\Java\jre1.8.0_102\bin\net.dll
0x00007ffaafed0000 - 0x00007ffaaff2c000 	C:\WINDOWS\system32\mswsock.dll
0x00007ffa9e7d0000 - 0x00007ffa9e962000 	C:\WINDOWS\SYSTEM32\dbghelp.dll

VM Arguments:
jvm_args: -Dant.home=C:\Users\jmsun\.p2\pool\plugins\org.apache.ant_1.9.6.v201510161327 -Dant.library.dir=C:\Users\jmsun\.p2\pool\plugins\org.apache.ant_1.9.6.v201510161327\lib -Djava.library.path=C:\Users\jmsun\eclipse\java-neon\eclipse;C:\WINDOWS\Sun\Java\bin;C:\WINDOWS\system32;C:\WINDOWS;C:/Program Files/Java/jre1.8.0_102/bin/server;C:/Program Files/Java/jre1.8.0_102/bin;C:/Program Files/Java/jre1.8.0_102/lib/amd64;C:\Python35\Scripts\;C:\Python35\;C:\Program Files\Haskell\bin;C:\Program Files\Haskell Platform\8.0.1\lib\extralibs\bin;C:\Program Files\Haskell Platform\8.0.1\bin;C:\tools\ruby23\bin;C:\ProgramData\Oracle\Java\javapath;C:\Program Files (x86)\Intel\iCLS Client\;C:\Program Files\Intel\iCLS Client\;C:\WINDOWS\system32;C:\WINDOWS;C:\WINDOWS\System32\Wbem;C:\WINDOWS\System32\WindowsPowerShell\v1.0\;C:\Program Files (x86)\Intel\Intel(R) Management Engine Components\DAL;C:\Program Files\Intel\Intel(R) Management Engine Components\DAL;C:\Program Files (x86)\Intel\Intel(R) Management Engine Components\IPT;C:\Program Files\Intel\Intel(R) Management Engine Components\IPT;C:\Program Files\Intel\WiFi\bin\;C:\Program Files\Common Files\Intel\WirelessCommon\;C:\Program Files (x86)\Skype\Phone\;C:\ProgramData\chocolatey\bin;C:\Program Files\Haskell Platform\8.0.1\mingw\bin;C:\Program Files\Java\jdk1.8.0_92;C:\Program Files\Java\jdk1.8.0_102\bin;C:\Program Files\Java\jdk1.8.0_121\bin;C:\Users\jmsun\AppData\Roaming\cabal\bin;C:\Users\jmsun\AppData\Roaming\local\bin;C:\Users\jmsun\AppData\Local\Microsoft\WindowsApps;C:\Program Files\Java\jdk1.8.0_102;C:\Program Files (x86)\Notepad++;C:\Program Files\Java\jdk1.8.0_102\bin;C:\Program Files\Git\bin\;C:\Program Files\Git\cmd;C:\WINDOWS\system32;;.;C:\Users\jmsun\eclipse\java-neon\eclipse\configuration\org.eclipse.osgi\390\0\.cp -Dfile.encoding=UTF-8 
java_command: org.eclipse.ant.internal.launching.remote.InternalAntRunner -Dorg.eclipse.ant.core.ANT_PROCESS_ID=1489943747477 -Declipse.connect.port=61244 -Dant.home=C:\Users\jmsun\.p2\pool\plugins\org.apache.ant_1.9.6.v201510161327 -logger org.eclipse.ant.internal.launching.remote.logger.RemoteAntBuildLogger -inputhandler org.eclipse.ant.internal.ui.antsupport.inputhandler.ProxyInputHandler -buildfile C:\Users\jmsun\Desktop\moe\robot_2017\build.xml deploy
java_class_path (initial): C:\Users\jmsun\.p2\pool\plugins\org.apache.ant_1.9.6.v201510161327\lib\ant-antlr.jar;C:\Users\jmsun\.p2\pool\plugins\org.apache.ant_1.9.6.v201510161327\lib\ant-apache-bcel.jar;C:\Users\jmsun\.p2\pool\plugins\org.apache.ant_1.9.6.v201510161327\lib\ant-apache-bsf.jar;C:\Users\jmsun\.p2\pool\plugins\org.apache.ant_1.9.6.v201510161327\lib\ant-apache-log4j.jar;C:\Users\jmsun\.p2\pool\plugins\org.apache.ant_1.9.6.v201510161327\lib\ant-apache-oro.jar;C:\Users\jmsun\.p2\pool\plugins\org.apache.ant_1.9.6.v201510161327\lib\ant-apache-regexp.jar;C:\Users\jmsun\.p2\pool\plugins\org.apache.ant_1.9.6.v201510161327\lib\ant-apache-resolver.jar;C:\Users\jmsun\.p2\pool\plugins\org.apache.ant_1.9.6.v201510161327\lib\ant-apache-xalan2.jar;C:\Users\jmsun\.p2\pool\plugins\org.apache.ant_1.9.6.v201510161327\lib\ant-commons-logging.jar;C:\Users\jmsun\.p2\pool\plugins\org.apache.ant_1.9.6.v201510161327\lib\ant-commons-net.jar;C:\Users\jmsun\.p2\pool\plugins\org.apache.ant_1.9.6.v201510161327\lib\ant-jai.jar;C:\Users\jmsun\.p2\pool\plugins\org.apache.ant_1.9.6.v201510161327\lib\ant-javamail.jar;C:\Users\jmsun\.p2\pool\plugins\org.apache.ant_1.9.6.v201510161327\lib\ant-jdepend.jar;C:\Users\jmsun\.p2\pool\plugins\org.apache.ant_1.9.6.v201510161327\lib\ant-jmf.jar;C:\Users\jmsun\.p2\pool\plugins\org.apache.ant_1.9.6.v201510161327\lib\ant-jsch.jar;C:\Users\jmsun\.p2\pool\plugins\org.apache.ant_1.9.6.v201510161327\lib\ant-junit.jar;C:\Users\jmsun\.p2\pool\plugins\org.apache.ant_1.9.6.v201510161327\lib\ant-junit4.jar;C:\Users\jmsun\.p2\pool\plugins\org.apache.ant_1.9.6.v201510161327\lib\ant-launcher.jar;C:\Users\jmsun\.p2\pool\plugins\org.apache.ant_1.9.6.v201510161327\lib\ant-netrexx.jar;C:\Users\jmsun\.p2\pool\plugins\org.apache.ant_1.9.6.v201510161327\lib\ant-swing.jar;C:\Users\jmsun\.p2\pool\plugins\org.apache.ant_1.9.6.v201510161327\lib\ant-testutil.jar;C:\Users\jmsun\.p2\pool\plugins\org.apache.ant_1.9.6.v201510161327\lib\ant.jar;C:\Users\jmsun\eclipse\java-neon\
Launcher Type: SUN_STANDARD

Environment Variables:
JAVA_HOME=C:\Program Files\Java\jdk1.8.0_102
CLASSPATH=.;
PATH=C:/Program Files/Java/jre1.8.0_102/bin/server;C:/Program Files/Java/jre1.8.0_102/bin;C:/Program Files/Java/jre1.8.0_102/lib/amd64;C:\Python35\Scripts\;C:\Python35\;C:\Program Files\Haskell\bin;C:\Program Files\Haskell Platform\8.0.1\lib\extralibs\bin;C:\Program Files\Haskell Platform\8.0.1\bin;C:\tools\ruby23\bin;C:\ProgramData\Oracle\Java\javapath;C:\Program Files (x86)\Intel\iCLS Client\;C:\Program Files\Intel\iCLS Client\;C:\WINDOWS\system32;C:\WINDOWS;C:\WINDOWS\System32\Wbem;C:\WINDOWS\System32\WindowsPowerShell\v1.0\;C:\Program Files (x86)\Intel\Intel(R) Management Engine Components\DAL;C:\Program Files\Intel\Intel(R) Management Engine Components\DAL;C:\Program Files (x86)\Intel\Intel(R) Management Engine Components\IPT;C:\Program Files\Intel\Intel(R) Management Engine Components\IPT;C:\Program Files\Intel\WiFi\bin\;C:\Program Files\Common Files\Intel\WirelessCommon\;C:\Program Files (x86)\Skype\Phone\;C:\ProgramData\chocolatey\bin;C:\Program Files\Haskell Platform\8.0.1\mingw\bin;C:\Program Files\Java\jdk1.8.0_92;C:\Program Files\Java\jdk1.8.0_102\bin;C:\Program Files\Java\jdk1.8.0_121\bin;C:\Users\jmsun\AppData\Roaming\cabal\bin;C:\Users\jmsun\AppData\Roaming\local\bin;C:\Users\jmsun\AppData\Local\Microsoft\WindowsApps;C:\Program Files\Java\jdk1.8.0_102;C:\Program Files (x86)\Notepad++;C:\Program Files\Java\jdk1.8.0_102\bin;C:\Program Files\Git\bin\;C:\Program Files\Git\cmd;C:\WINDOWS\system32;
USERNAME=jmsun
OS=Windows_NT
PROCESSOR_IDENTIFIER=Intel64 Family 6 Model 61 Stepping 4, GenuineIntel



---------------  S Y S T E M  ---------------

OS: Windows 10.0 , 64 bit Build 14393 (10.0.14393.0)

CPU:total 4 (2 cores per cpu, 2 threads per core) family 6 model 61 stepping 4, cmov, cx8, fxsr, mmx, sse, sse2, sse3, ssse3, sse4.1, sse4.2, popcnt, avx, avx2, aes, clmul, erms, 3dnowpref, lzcnt, ht, tsc, tscinvbit, bmi1, bmi2, adx

Memory: 4k page, physical 8301640k(3599072k free), swap 9612360k(3523196k free)

vm_info: Java HotSpot(TM) 64-Bit Server VM (25.102-b14) for windows-amd64 JRE (1.8.0_102-b14), built on Jun 22 2016 13:15:21 by "java_re" with MS VC++ 10.0 (VS2010)

time: Sun Mar 19 13:15:53 2017
elapsed time: 3 seconds (0d 0h 0m 3s)

